<?xml version="1.0" encoding="UTF-8"?>
<!-- Generated by org.testng.reporters.JUnitReportReporter -->
<testsuite hostname="LAPTOP-GOGQ83M7" failures="0" tests="4" name="url_endpoints.REQRES_URL" time="4.747" errors="0" timestamp="2023-12-20T17:52:46 IST" skipped="0">
  <testcase classname="url_endpoints.REQRES_URL" name="baseurl" time="2.346"/>
  <system-out/>
  <testcase classname="url_endpoints.REQRES_URL" name="RegsiterUrl" time="1.075"/>
  <system-out/>
  <testcase classname="url_endpoints.REQRES_URL" name="GetUser" time="0.992"/>
  <system-out/>
  <testcase classname="url_endpoints.REQRES_URL" name="Loggingtest" time="0.334"/>
  <system-out/>
</testsuite> <!-- url_endpoints.REQRES_URL -->
